[INFO] Scanning for projects...
[INFO] 
[INFO] --------------------< com.chandan:ChandanSpringDev >--------------------
[INFO] Building ChandanSpringDev 0.0.1-SNAPSHOT
[INFO]   from pom.xml
[INFO] --------------------------------[ jar ]---------------------------------
[INFO] 
[INFO] >>> spring-boot:4.1.0-M1:run (default-cli) > test-compile @ ChandanSpringDev >>>
[INFO] 
[INFO] --- resources:3.4.0:resources (default-resources) @ ChandanSpringDev ---
[INFO] Copying 2 resources from src/main/resources to target/classes
[INFO] Copying 0 resource from src/main/resources to target/classes
[INFO] 
[INFO] --- compiler:3.14.1:compile (default-compile) @ ChandanSpringDev ---
[INFO] Nothing to compile - all classes are up to date.
[INFO] 
[INFO] --- resources:3.4.0:testResources (default-testResources) @ ChandanSpringDev ---
[INFO] skip non existing resourceDirectory /Users/chandankumar/Desktop/chandan-spring-portfolio/Backend/ChandanSpringDev/src/test/resources
[INFO] 
[INFO] --- compiler:3.14.1:testCompile (default-testCompile) @ ChandanSpringDev ---
[INFO] No sources to compile
[INFO] 
[INFO] <<< spring-boot:4.1.0-M1:run (default-cli) < test-compile @ ChandanSpringDev <<<
[INFO] 
[INFO] 
[INFO] --- spring-boot:4.1.0-M1:run (default-cli) @ ChandanSpringDev ---
[INFO] Attaching agents: []

  .   ____          _            __ _ _
 /\\ / ___'_ __ _ _(_)_ __  __ _ \ \ \ \
( ( )\___ | '_ | '_| | '_ \/ _` | \ \ \ \
 \\/  ___)| |_)| | | | | || (_| |  ) ) ) )
  '  |____| .__|_| |_|_| |_\__, | / / / /
 =========|_|==============|___/=/_/_/_/

 :: Spring Boot ::             (v4.1.0-M1)

2026-02-27T09:17:56.065+05:30  INFO 17329 --- [ChandanSpringDev] [  restartedMain] c.c.C.ChandanSpringDevApplication        : Starting ChandanSpringDevApplication using Java 25.0.1 with PID 17329 (/Users/chandankumar/Desktop/chandan-spring-portfolio/Backend/ChandanSpringDev/target/classes started by chandankumar in /Users/chandankumar/Desktop/chandan-spring-portfolio/Backend/ChandanSpringDev)
2026-02-27T09:17:56.066+05:30  INFO 17329 --- [ChandanSpringDev] [  restartedMain] c.c.C.ChandanSpringDevApplication        : No active profile set, falling back to 1 default profile: "default"
2026-02-27T09:17:56.089+05:30  INFO 17329 --- [ChandanSpringDev] [  restartedMain] .e.DevToolsPropertyDefaultsPostProcessor : Devtools property defaults active! Set 'spring.devtools.add-properties' to 'false' to disable
2026-02-27T09:17:56.089+05:30  INFO 17329 --- [ChandanSpringDev] [  restartedMain] .e.DevToolsPropertyDefaultsPostProcessor : For additional web related logging consider setting the 'logging.level.web' property to 'DEBUG'
2026-02-27T09:17:56.289+05:30  INFO 17329 --- [ChandanSpringDev] [  restartedMain] .s.d.r.c.RepositoryConfigurationDelegate : Bootstrapping Spring Data MongoDB repositories in DEFAULT mode.
2026-02-27T09:17:56.309+05:30  INFO 17329 --- [ChandanSpringDev] [  restartedMain] .s.d.r.c.RepositoryConfigurationDelegate : Finished Spring Data repository scanning in 17 ms. Found 4 MongoDB repository interfaces.
2026-02-27T09:17:56.466+05:30  INFO 17329 --- [ChandanSpringDev] [  restartedMain] o.s.boot.tomcat.TomcatWebServer          : Tomcat initialized with port 8080 (http)
2026-02-27T09:17:56.473+05:30  INFO 17329 --- [ChandanSpringDev] [  restartedMain] o.apache.catalina.core.StandardService   : Starting service [Tomcat]
2026-02-27T09:17:56.473+05:30  INFO 17329 --- [ChandanSpringDev] [  restartedMain] o.apache.catalina.core.StandardEngine    : Starting Servlet engine: [Apache Tomcat/11.0.15]
2026-02-27T09:17:56.484+05:30  INFO 17329 --- [ChandanSpringDev] [  restartedMain] b.w.c.s.WebApplicationContextInitializer : Root WebApplicationContext: initialization completed in 395 ms
2026-02-27T09:17:56.558+05:30  INFO 17329 --- [ChandanSpringDev] [  restartedMain] org.mongodb.driver.client                : MongoClient with metadata {"driver": {"name": "mongo-java-driver|spring-boot|sync", "version": "5.6.2"}, "os": {"type": "Darwin", "name": "Mac OS X", "architecture": "aarch64", "version": "26.3"}, "platform": "Java/Homebrew/25.0.1"} created with settings MongoClientSettings{readPreference=primary, writeConcern=WriteConcern{w=null, wTimeout=null ms, journal=null}, retryWrites=true, retryReads=true, readConcern=ReadConcern{level=null}, credential=null, transportSettings=null, commandListeners=[], codecRegistry=ProvidersCodecRegistry{codecProviders=[ValueCodecProvider{}, BsonValueCodecProvider{}, DBRefCodecProvider{}, DBObjectCodecProvider{}, DocumentCodecProvider{}, CollectionCodecProvider{}, IterableCodecProvider{}, MapCodecProvider{}, GeoJsonCodecProvider{}, GridFSFileCodecProvider{}, Jsr310CodecProvider{}, JsonObjectCodecProvider{}, BsonCodecProvider{}, com.mongodb.client.model.mql.ExpressionCodecProvider@63771d54, com.mongodb.Jep395RecordCodecProvider@1fa42a5b, com.mongodb.KotlinCodecProvider@383a57ad, EnumCodecProvider{}]}, loggerSettings=LoggerSettings{maxDocumentLength=1000}, clusterSettings={hosts=[localhost:27017], srvServiceName=mongodb, mode=SINGLE, requiredClusterType=UNKNOWN, requiredReplicaSetName='null', serverSelector='null', clusterListeners='[]', serverSelectionTimeout='30000 ms', localThreshold='15 ms'}, socketSettings=SocketSettings{connectTimeoutMS=10000, readTimeoutMS=0, receiveBufferSize=0, proxySettings=ProxySettings{host=null, port=null, username=null, password=null}}, heartbeatSocketSettings=SocketSettings{connectTimeoutMS=10000, readTimeoutMS=10000, receiveBufferSize=0, proxySettings=ProxySettings{host=null, port=null, username=null, password=null}}, connectionPoolSettings=ConnectionPoolSettings{maxSize=100, minSize=0, maxWaitTimeMS=120000, maxConnectionLifeTimeMS=0, maxConnectionIdleTimeMS=0, maintenanceInitialDelayMS=0, maintenanceFrequencyMS=60000, connectionPoolListeners=[], maxConnecting=2}, serverSettings=ServerSettings{heartbeatFrequencyMS=10000, minHeartbeatFrequencyMS=500, serverMonitoringMode=AUTO, serverListeners='[]', serverMonitorListeners='[]'}, sslSettings=SslSettings{enabled=false, invalidHostNameAllowed=false, context=null}, applicationName='null', compressorList=[], uuidRepresentation=UNSPECIFIED, serverApi=null, autoEncryptionSettings=null, dnsClient=null, inetAddressResolver=null, contextProvider=null, timeoutMS=null}
2026-02-27T09:17:56.571+05:30  INFO 17329 --- [ChandanSpringDev] [localhost:27017] org.mongodb.driver.cluster               : Monitor thread successfully connected to server with description ServerDescription{address=localhost:27017, type=STANDALONE, cryptd=false, state=CONNECTED, ok=true, minWireVersion=0, maxWireVersion=25, maxDocumentSize=16777216, logicalSessionTimeoutMinutes=30, roundTripTimeNanos=6265041, minRoundTripTimeNanos=0}
2026-02-27T09:17:56.793+05:30  INFO 17329 --- [ChandanSpringDev] [  restartedMain] o.s.boot.tomcat.TomcatWebServer          : Tomcat started on port 8080 (http) with context path '/'
2026-02-27T09:17:56.796+05:30  INFO 17329 --- [ChandanSpringDev] [  restartedMain] c.c.C.ChandanSpringDevApplication        : Started ChandanSpringDevApplication in 0.87 seconds (process running for 1.037)
2026-02-27T09:18:28.707+05:30  INFO 17329 --- [ChandanSpringDev] [nio-8080-exec-1] o.a.c.c.C.[Tomcat].[localhost].[/]       : Initializing Spring DispatcherServlet 'dispatcherServlet'
2026-02-27T09:18:28.708+05:30  INFO 17329 --- [ChandanSpringDev] [nio-8080-exec-1] o.s.web.servlet.DispatcherServlet        : Initializing Servlet 'dispatcherServlet'
2026-02-27T09:18:28.711+05:30  INFO 17329 --- [ChandanSpringDev] [nio-8080-exec-1] o.s.web.servlet.DispatcherServlet        : Completed initialization in 3 ms
2026-02-27T09:18:28.802+05:30 DEBUG 17329 --- [ChandanSpringDev] [nio-8080-exec-2] o.s.data.mongodb.core.MongoTemplate      : findOne using query: { "id" : "697374c8632bba1f901bf3d3"} fields: Document{{}} for class: class com.chandan.ChandanSpringDev.model.Experience in collection: experience
2026-02-27T09:18:28.857+05:30 DEBUG 17329 --- [ChandanSpringDev] [nio-8080-exec-2] o.s.data.mongodb.core.MongoTemplate      : Saving Document containing fields: [_id, company, role, duration, description, location, isCurrentlyWorking, startDate, skillsUsed, responsibilities, certificates, _class]
2026-02-27T09:18:28.915+05:30 DEBUG 17329 --- [ChandanSpringDev] [nio-8080-exec-3] o.s.data.mongodb.core.MongoTemplate      : find using query: {} fields: Document{{}} sort: null for class: class com.chandan.ChandanSpringDev.model.Experience in collection: experience
[INFO] ------------------------------------------------------------------------
[INFO] BUILD FAILURE
[INFO] ------------------------------------------------------------------------
[INFO] Total time:  01:22 min
[INFO] Finished at: 2026-02-27T09:19:17+05:30
[INFO] ------------------------------------------------------------------------
[ERROR] Failed to execute goal org.springframework.boot:spring-boot-maven-plugin:4.1.0-M1:run (default-cli) on project ChandanSpringDev: Process terminated with exit code: 137 -> [Help 1]
[ERROR] 
[ERROR] To see the full stack trace of the errors, re-run Maven with the -e switch.
[ERROR] Re-run Maven using the -X switch to enable full debug logging.
[ERROR] 
[ERROR] For more information about the errors and possible solutions, please read the following articles:
[ERROR] [Help 1] http://cwiki.apache.org/confluence/display/MAVEN/MojoExecutionException
